
Sun, 06 Dec 2020 19:44:34 +0100 : NO domainId

Sun, 06 Dec 2020 19:44:34 +0100 : NO senderId 

Sun, 06 Dec 2020 19:44:34 +0100 : NO concat 

Sun, 06 Dec 2020 19:44:34 +0100 : NO encoding

Sun, 06 Dec 2020 19:44:35 +0100 : Server Altiria response: OK dest:528311144705


Sun, 06 Dec 2020 19:46:15 +0100 : NO domainId

Sun, 06 Dec 2020 19:46:15 +0100 : NO senderId 

Sun, 06 Dec 2020 19:46:15 +0100 : NO concat 

Sun, 06 Dec 2020 19:46:15 +0100 : NO encoding

Sun, 06 Dec 2020 19:46:16 +0100 : Server Altiria response: OK dest:528311144705


Sun, 06 Dec 2020 19:50:19 +0100 : NO domainId

Sun, 06 Dec 2020 19:50:19 +0100 : NO senderId 

Sun, 06 Dec 2020 19:50:19 +0100 : NO concat 

Sun, 06 Dec 2020 19:50:19 +0100 : NO encoding

Sun, 06 Dec 2020 19:50:20 +0100 : Server Altiria response: OK dest:528311144705


Sun, 06 Dec 2020 19:55:02 +0100 : NO domainId

Sun, 06 Dec 2020 19:55:02 +0100 : NO senderId 

Sun, 06 Dec 2020 19:55:02 +0100 : NO concat 

Sun, 06 Dec 2020 19:55:02 +0100 : NO encoding

Sun, 06 Dec 2020 19:55:03 +0100 : Server Altiria response: OK dest:528311144705


Sun, 06 Dec 2020 19:58:41 +0100 : Add destination &dest=528311248206&dest=528311144705&

Sun, 06 Dec 2020 19:58:41 +0100 : NO domainId

Sun, 06 Dec 2020 19:58:41 +0100 : NO senderId 

Sun, 06 Dec 2020 19:58:41 +0100 : NO concat 

Sun, 06 Dec 2020 19:58:41 +0100 : NO encoding

Sun, 06 Dec 2020 19:58:42 +0100 : Server Altiria response: OK dest:528311248206
OK dest:528311144705


Sun, 06 Dec 2020 20:02:54 +0100 : NO domainId

Sun, 06 Dec 2020 20:02:54 +0100 : NO senderId 

Sun, 06 Dec 2020 20:02:54 +0100 : NO concat 

Sun, 06 Dec 2020 20:02:54 +0100 : NO encoding

Sun, 06 Dec 2020 20:02:55 +0100 : Server Altiria response: OK dest:528311758967

